<!DOCTYPE html PUBLIC "-//W3C//DTD XHTML 1.1//EN" "http://www.w3.org/TR/xhtml11/DTD/xhtml11.dtd">
<html xmlns="http://www.w3.org/1999/xhtml"><head><title>TestNG Report</title><style type="text/css">table {margin-bottom:10px;border-collapse:collapse;empty-cells:show}th,td {border:1px solid #009;padding:.25em .5em}th {vertical-align:bottom}td {vertical-align:top}table a {font-weight:bold}.stripe td {background-color: #E6EBF9}.num {text-align:right}.passedodd td {background-color: #3F3}.passedeven td {background-color: #0A0}.skippedodd td {background-color: #DDD}.skippedeven td {background-color: #CCC}.failedodd td,.attn {background-color: #F33}.failedeven td,.stripe .attn {background-color: #D00}.stacktrace {white-space:pre;font-family:monospace}.totop {font-size:85%;text-align:center;border-bottom:2px solid #000}</style></head><body><table><tr><th>Test</th><th># Passed</th><th># Skipped</th><th># Failed</th><th>Time (ms)</th><th>Included Groups</th><th>Excluded Groups</th></tr><tr><th colspan="7">Vehicle</th></tr><tr><td><a href="#t0">VehicleTest</a></td><td class="num">11</td><td class="num attn">1</td><td class="num attn">2</td><td class="num">50</td><td></td><td></td></tr><tr class="stripe"><td><a href="#t1">LoginTest</a></td><td class="num">4</td><td class="num">0</td><td class="num attn">1</td><td class="num">20</td><td></td><td></td></tr><tr><th>Total</th><th class="num">15</th><th class="num attn">1</th><th class="num attn">3</th><th class="num">70</th><th colspan="2"></th></tr></table><table><thead><tr><th>Class</th><th>Method</th><th>Start</th><th>Time (ms)</th></tr></thead><tbody><tr><th colspan="4">Vehicle</th></tr></tbody><tbody id="t0"><tr><th colspan="4">VehicleTest &#8212; failed</th></tr><tr class="failedeven"><td rowspan="2">testPackage.Test5</td><td><a href="#m0">FetchFromPropertiesFile</a></td><td rowspan="1">1566482432027</td><td rowspan="1">0</td></tr><tr class="failedeven"><td><a href="#m1">ParameterExample1</a></td><td rowspan="1">1566482432017</td><td rowspan="1">0</td></tr><tr><th colspan="4">VehicleTest &#8212; skipped</th></tr><tr class="skippedeven"><td rowspan="1">testPackage.Test5</td><td><a href="#m2">ParameterExample2</a></td><td rowspan="1">1566482432037</td><td rowspan="1">0</td></tr><tr><th colspan="4">VehicleTest &#8212; passed</th></tr><tr class="passedeven"><td rowspan="2">testPackage.Test1</td><td><a href="#m3">Car1</a></td><td rowspan="1">1566482431987</td><td rowspan="1">10</td></tr><tr class="passedeven"><td><a href="#m4">Car3</a></td><td rowspan="1">1566482431997</td><td rowspan="1">0</td></tr><tr class="passedodd"><td rowspan="3">testPackage.Test2</td><td><a href="#m5">Bike1</a></td><td rowspan="1">1566482431997</td><td rowspan="1">0</td></tr><tr class="passedodd"><td><a href="#m6">Bike2</a></td><td rowspan="1">1566482431997</td><td rowspan="1">0</td></tr><tr class="passedodd"><td><a href="#m7">Bike3</a></td><td rowspan="1">1566482431997</td><td rowspan="1">0</td></tr><tr class="passedeven"><td rowspan="3">testPackage.Test3</td><td><a href="#m8">Train1</a></td><td rowspan="1">1566482432007</td><td rowspan="1">0</td></tr><tr class="passedeven"><td><a href="#m9">Train2</a></td><td rowspan="1">1566482432017</td><td rowspan="1">0</td></tr><tr class="passedeven"><td><a href="#m10">Train3</a></td><td rowspan="1">1566482432017</td><td rowspan="1">0</td></tr><tr class="passedodd"><td rowspan="3">testPackage.Test5</td><td><a href="#m11">ParameterExample3</a></td><td rowspan="3">1566482432027</td><td rowspan="3">0</td></tr><tr class="passedodd"><td><a href="#m12">ParameterExample3</a></td></tr><tr class="passedodd"><td><a href="#m13">ParameterExample3</a></td></tr></tbody><tbody id="t1"><tr><th colspan="4">LoginTest &#8212; failed</th></tr><tr class="failedeven"><td rowspan="1">testPackage.Test6</td><td><a href="#m14">FetchFromPropertiesFile</a></td><td rowspan="1">1566482432067</td><td rowspan="1">0</td></tr><tr><th colspan="4">LoginTest &#8212; passed</th></tr><tr class="passedeven"><td rowspan="3">testPackage.Test4</td><td><a href="#m15">BikeLogin</a></td><td rowspan="1">1566482432067</td><td rowspan="1">0</td></tr><tr class="passedeven"><td><a href="#m16">CarLogin</a></td><td rowspan="1">1566482432067</td><td rowspan="1">0</td></tr><tr class="passedeven"><td><a href="#m17">TrainLogin</a></td><td rowspan="1">1566482432067</td><td rowspan="1">0</td></tr><tr class="passedodd"><td rowspan="1">testPackage.Test6</td><td><a href="#m18">ParameterExample2</a></td><td rowspan="1">1566482432067</td><td rowspan="1">10</td></tr></tbody></table><h2>VehicleTest</h2><h3 id="m0">testPackage.Test5#FetchFromPropertiesFile</h3><table class="result"><tr><th>Exception</th></tr><tr><td><div class="stacktrace">java.io.FileNotFoundException: C:\Users\gundar\workspace\TestNGTutorial\src\testPackage\GlobalProperties.properties (The system cannot find the path specified)
	at java.io.FileInputStream.open0(Native Method)
	at java.io.FileInputStream.open(FileInputStream.java:195)
	at java.io.FileInputStream.&lt;init&gt;(FileInputStream.java:138)
	at java.io.FileInputStream.&lt;init&gt;(FileInputStream.java:93)
	at testPackage.Test6.FetchFromPropertiesFile(Test6.java:32)
... Removed 24 stack frames</div></td></tr></table><p class="totop"><a href="#summary">back to summary</a></p><h3 id="m1">testPackage.Test5#ParameterExample1</h3><table class="result"><tr class="param"><th>Parameter #1</th><th>Parameter #2</th></tr><tr class="param stripe"><td>uname1</td><td>pwd1</td></tr><tr><th colspan="2">Exception</th></tr><tr><td colspan="2"><div class="stacktrace">java.io.FileNotFoundException: C:\Users\gundar\workspace\TestNGTutorial\src\testPackage\GlobalProperties.properties (The system cannot find the path specified)
	at java.io.FileInputStream.open0(Native Method)
	at java.io.FileInputStream.open(FileInputStream.java:195)
	at java.io.FileInputStream.&lt;init&gt;(FileInputStream.java:138)
	at java.io.FileInputStream.&lt;init&gt;(FileInputStream.java:93)
	at testPackage.Test6.FetchFromPropertiesFile(Test6.java:32)
	at testPackage.Test5.ParameterExample1(Test5.java:16)
... Removed 24 stack frames</div></td></tr></table><p class="totop"><a href="#summary">back to summary</a></p><h3 id="m2">testPackage.Test5#ParameterExample2</h3><table class="result"><tr><th>Exception</th></tr><tr><td><div class="stacktrace">org.testng.TestNGException: 
Parameter &apos;Username1&apos; is required by @Test on method ParameterExample2 but has not been marked @Optional or defined
in C:\Users\gundar\workspace\2TestNGTutorial\testng_4_Parameterisation.xml
... Removed 22 stack frames</div></td></tr></table><p class="totop"><a href="#summary">back to summary</a></p><h3 id="m3">testPackage.Test1#Car1</h3><table class="result"></table><p class="totop"><a href="#summary">back to summary</a></p><h3 id="m4">testPackage.Test1#Car3</h3><table class="result"></table><p class="totop"><a href="#summary">back to summary</a></p><h3 id="m5">testPackage.Test2#Bike1</h3><table class="result"></table><p class="totop"><a href="#summary">back to summary</a></p><h3 id="m6">testPackage.Test2#Bike2</h3><table class="result"></table><p class="totop"><a href="#summary">back to summary</a></p><h3 id="m7">testPackage.Test2#Bike3</h3><table class="result"></table><p class="totop"><a href="#summary">back to summary</a></p><h3 id="m8">testPackage.Test3#Train1</h3><table class="result"></table><p class="totop"><a href="#summary">back to summary</a></p><h3 id="m9">testPackage.Test3#Train2</h3><table class="result"></table><p class="totop"><a href="#summary">back to summary</a></p><h3 id="m10">testPackage.Test3#Train3</h3><table class="result"></table><p class="totop"><a href="#summary">back to summary</a></p><h3 id="m11">testPackage.Test5#ParameterExample3</h3><table class="result"><tr class="param"><th>Parameter #1</th><th>Parameter #2</th></tr><tr class="param stripe"><td>test3</td><td>test4</td></tr></table><p class="totop"><a href="#summary">back to summary</a></p><h3 id="m12">testPackage.Test5#ParameterExample3</h3><table class="result"><tr class="param"><th>Parameter #1</th><th>Parameter #2</th></tr><tr class="param stripe"><td>test5</td><td>test6</td></tr></table><p class="totop"><a href="#summary">back to summary</a></p><h3 id="m13">testPackage.Test5#ParameterExample3</h3><table class="result"><tr class="param"><th>Parameter #1</th><th>Parameter #2</th></tr><tr class="param stripe"><td>test1</td><td>test2</td></tr></table><p class="totop"><a href="#summary">back to summary</a></p><h2>LoginTest</h2><h3 id="m14">testPackage.Test6#FetchFromPropertiesFile</h3><table class="result"><tr><th>Exception</th></tr><tr><td><div class="stacktrace">java.io.FileNotFoundException: C:\Users\gundar\workspace\TestNGTutorial\src\testPackage\GlobalProperties.properties (The system cannot find the path specified)
	at java.io.FileInputStream.open0(Native Method)
	at java.io.FileInputStream.open(FileInputStream.java:195)
	at java.io.FileInputStream.&lt;init&gt;(FileInputStream.java:138)
	at java.io.FileInputStream.&lt;init&gt;(FileInputStream.java:93)
	at testPackage.Test6.FetchFromPropertiesFile(Test6.java:32)
... Removed 24 stack frames</div></td></tr></table><p class="totop"><a href="#summary">back to summary</a></p><h3 id="m15">testPackage.Test4#BikeLogin</h3><table class="result"></table><p class="totop"><a href="#summary">back to summary</a></p><h3 id="m16">testPackage.Test4#CarLogin</h3><table class="result"></table><p class="totop"><a href="#summary">back to summary</a></p><h3 id="m17">testPackage.Test4#TrainLogin</h3><table class="result"></table><p class="totop"><a href="#summary">back to summary</a></p><h3 id="m18">testPackage.Test6#ParameterExample2</h3><table class="result"><tr class="param"><th>Parameter #1</th><th>Parameter #2</th></tr><tr class="param stripe"><td>uname2</td><td>pwd2</td></tr></table><p class="totop"><a href="#summary">back to summary</a></p></body></html>