<?xml version="1.0" encoding="UTF-8"?>
<testng-results skipped="0" failed="1" total="2" passed="1">
  <reporter-output>
  </reporter-output>
  <suite name="Suite" duration-ms="38464" started-at="2018-11-29T09:39:10Z" finished-at="2018-11-29T09:39:49Z">
    <groups>
    </groups>
    <test name="Test" duration-ms="20706" started-at="2018-11-29T09:39:10Z" finished-at="2018-11-29T09:39:31Z">
      <class name="TestPackage.TestNGClass1">
        <test-method status="PASS" signature="LaunchBrowser(java.lang.String)[pri:0, instance:TestPackage.TestNGClass1@2b98378d]" name="LaunchBrowser" is-config="true" duration-ms="19761" started-at="2018-11-29T15:09:10Z" finished-at="2018-11-29T15:09:30Z">
          <params>
            <param index="0">
              <value>
                <![CDATA[firefox]]>
              </value>
            </param>
          </params>
          <reporter-output>
          </reporter-output>
        </test-method> <!-- LaunchBrowser -->
        <test-method status="FAIL" signature="sendKeys1(java.lang.String)[pri:0, instance:TestPackage.TestNGClass1@2b98378d]" name="sendKeys1" duration-ms="176" started-at="2018-11-29T15:09:30Z" finished-at="2018-11-29T15:09:30Z">
          <params>
            <param index="0">
              <value>
                <![CDATA[gundar@cybage.com]]>
              </value>
            </param>
          </params>
          <exception class="org.openqa.selenium.WebDriverException">
            <message>
              <![CDATA[Permission denied to access property 'K'
Command duration or timeout: 151 milliseconds
Build info: version: '2.53.1', revision: 'a36b8b1', time: '2016-06-30 17:32:46'
System info: host: 'gundar-win7', ip: '172.24.42.79', os.name: 'Windows 7', os.arch: 'amd64', os.version: '6.1', java.version: '1.8.0_131'
Driver info: org.openqa.selenium.firefox.FirefoxDriver
Capabilities [{applicationCacheEnabled=true, rotatable=false, handlesAlerts=true, databaseEnabled=true, version=32.0, platform=WINDOWS, nativeEvents=false, acceptSslCerts=true, webStorageEnabled=true, locationContextEnabled=true, browserName=firefox, takesScreenshot=true, javascriptEnabled=true, cssSelectorsEnabled=true}]
Session ID: 8060577a-d467-49a6-953b-25948e29e1ed
*** Element info: {Using=link text, value=SIGN-UP}]]>
            </message>
            <full-stacktrace>
              <![CDATA[org.openqa.selenium.WebDriverException: Permission denied to access property 'K'
Command duration or timeout: 151 milliseconds
Build info: version: '2.53.1', revision: 'a36b8b1', time: '2016-06-30 17:32:46'
System info: host: 'gundar-win7', ip: '172.24.42.79', os.name: 'Windows 7', os.arch: 'amd64', os.version: '6.1', java.version: '1.8.0_131'
Driver info: org.openqa.selenium.firefox.FirefoxDriver
Capabilities [{applicationCacheEnabled=true, rotatable=false, handlesAlerts=true, databaseEnabled=true, version=32.0, platform=WINDOWS, nativeEvents=false, acceptSslCerts=true, webStorageEnabled=true, locationContextEnabled=true, browserName=firefox, takesScreenshot=true, javascriptEnabled=true, cssSelectorsEnabled=true}]
Session ID: 8060577a-d467-49a6-953b-25948e29e1ed
*** Element info: {Using=link text, value=SIGN-UP}
	at sun.reflect.NativeConstructorAccessorImpl.newInstance0(Native Method)
	at sun.reflect.NativeConstructorAccessorImpl.newInstance(NativeConstructorAccessorImpl.java:62)
	at sun.reflect.DelegatingConstructorAccessorImpl.newInstance(DelegatingConstructorAccessorImpl.java:45)
	at java.lang.reflect.Constructor.newInstance(Constructor.java:423)
	at org.openqa.selenium.remote.ErrorHandler.createThrowable(ErrorHandler.java:206)
	at org.openqa.selenium.remote.ErrorHandler.throwIfResponseFailed(ErrorHandler.java:158)
	at org.openqa.selenium.remote.RemoteWebDriver.execute(RemoteWebDriver.java:678)
	at org.openqa.selenium.remote.RemoteWebDriver.findElement(RemoteWebDriver.java:363)
	at org.openqa.selenium.remote.RemoteWebDriver.findElementByLinkText(RemoteWebDriver.java:428)
	at org.openqa.selenium.By$ByLinkText.findElement(By.java:246)
	at org.openqa.selenium.remote.RemoteWebDriver.findElement(RemoteWebDriver.java:355)
	at TestPackage.TestNGClass1.sendKeys1(TestNGClass1.java:43)
	at sun.reflect.NativeMethodAccessorImpl.invoke0(Native Method)
	at sun.reflect.NativeMethodAccessorImpl.invoke(NativeMethodAccessorImpl.java:62)
	at sun.reflect.DelegatingMethodAccessorImpl.invoke(DelegatingMethodAccessorImpl.java:43)
	at java.lang.reflect.Method.invoke(Method.java:498)
	at org.testng.internal.MethodInvocationHelper.invokeMethod(MethodInvocationHelper.java:85)
	at org.testng.internal.Invoker.invokeMethod(Invoker.java:639)
	at org.testng.internal.Invoker.invokeTestMethod(Invoker.java:816)
	at org.testng.internal.Invoker.invokeTestMethods(Invoker.java:1124)
	at org.testng.internal.TestMethodWorker.invokeTestMethods(TestMethodWorker.java:125)
	at org.testng.internal.TestMethodWorker.run(TestMethodWorker.java:108)
	at org.testng.TestRunner.privateRun(TestRunner.java:774)
	at org.testng.TestRunner.run(TestRunner.java:624)
	at org.testng.SuiteRunner.runTest(SuiteRunner.java:359)
	at org.testng.SuiteRunner.runSequentially(SuiteRunner.java:354)
	at org.testng.SuiteRunner.privateRun(SuiteRunner.java:312)
	at org.testng.SuiteRunner.run(SuiteRunner.java:261)
	at org.testng.SuiteRunnerWorker.runSuite(SuiteRunnerWorker.java:52)
	at org.testng.SuiteRunnerWorker.run(SuiteRunnerWorker.java:86)
	at org.testng.TestNG.runSuitesSequentially(TestNG.java:1215)
	at org.testng.TestNG.runSuitesLocally(TestNG.java:1140)
	at org.testng.TestNG.run(TestNG.java:1048)
	at org.testng.remote.AbstractRemoteTestNG.run(AbstractRemoteTestNG.java:114)
	at org.testng.remote.RemoteTestNG.initAndRun(RemoteTestNG.java:251)
	at org.testng.remote.RemoteTestNG.main(RemoteTestNG.java:77)
Caused by: org.openqa.selenium.WebDriverException: Permission denied to access property 'K'
Build info: version: '2.53.1', revision: 'a36b8b1', time: '2016-06-30 17:32:46'
System info: host: 'gundar-win7', ip: '172.24.42.79', os.name: 'Windows 7', os.arch: 'amd64', os.version: '6.1', java.version: '1.8.0_131'
Driver info: driver.version: unknown
	at <anonymous class>.[3]</</e.prototype.wrap@https://cdn.ravenjs.com/3.15.0/raven.min.js(?)
	at <anonymous class>.b/</<(https://cdn.ravenjs.com/3.15.0/raven.min.js:2)
]]>
            </full-stacktrace>
          </exception> <!-- org.openqa.selenium.WebDriverException -->
          <reporter-output>
          </reporter-output>
        </test-method> <!-- sendKeys1 -->
        <test-method status="PASS" signature="closeAllWindows()[pri:0, instance:TestPackage.TestNGClass1@2b98378d]" name="closeAllWindows" is-config="true" duration-ms="752" started-at="2018-11-29T15:09:30Z" finished-at="2018-11-29T15:09:31Z">
          <reporter-output>
          </reporter-output>
        </test-method> <!-- closeAllWindows -->
      </class> <!-- TestPackage.TestNGClass1 -->
    </test> <!-- Test -->
    <test name="Test1" duration-ms="17717" started-at="2018-11-29T09:39:31Z" finished-at="2018-11-29T09:39:49Z">
      <class name="TestPackage.TestNGClass1">
        <test-method status="PASS" signature="LaunchBrowser(java.lang.String)[pri:0, instance:TestPackage.TestNGClass1@1e88b3c]" name="LaunchBrowser" is-config="true" duration-ms="15636" started-at="2018-11-29T15:09:31Z" finished-at="2018-11-29T15:09:47Z">
          <params>
            <param index="0">
              <value>
                <![CDATA[chrome]]>
              </value>
            </param>
          </params>
          <reporter-output>
          </reporter-output>
        </test-method> <!-- LaunchBrowser -->
        <test-method status="PASS" signature="sendKeys1(java.lang.String)[pri:0, instance:TestPackage.TestNGClass1@1e88b3c]" name="sendKeys1" duration-ms="1219" started-at="2018-11-29T15:09:47Z" finished-at="2018-11-29T15:09:48Z">
          <params>
            <param index="0">
              <value>
                <![CDATA[viswat@cybage.com]]>
              </value>
            </param>
          </params>
          <reporter-output>
          </reporter-output>
        </test-method> <!-- sendKeys1 -->
        <test-method status="PASS" signature="closeAllWindows()[pri:0, instance:TestPackage.TestNGClass1@1e88b3c]" name="closeAllWindows" is-config="true" duration-ms="861" started-at="2018-11-29T15:09:48Z" finished-at="2018-11-29T15:09:49Z">
          <reporter-output>
          </reporter-output>
        </test-method> <!-- closeAllWindows -->
      </class> <!-- TestPackage.TestNGClass1 -->
    </test> <!-- Test1 -->
  </suite> <!-- Suite -->
</testng-results>
