<html>
<head>
<title>TestNG:  Test2</title>
<link href="../testng.css" rel="stylesheet" type="text/css" />
<link href="../my-testng.css" rel="stylesheet" type="text/css" />

<style type="text/css">
.log { display: none;} 
.stack-trace { display: none;} 
</style>
<script type="text/javascript">
<!--
function flip(e) {
  current = e.style.display;
  if (current == 'block') {
    e.style.display = 'none';
    return 0;
  }
  else {
    e.style.display = 'block';
    return 1;
  }
}

function toggleBox(szDivId, elem, msg1, msg2)
{
  var res = -1;  if (document.getElementById) {
    res = flip(document.getElementById(szDivId));
  }
  else if (document.all) {
    // this is the way old msie versions work
    res = flip(document.all[szDivId]);
  }
  if(elem) {
    if(res == 0) elem.innerHTML = msg1; else elem.innerHTML = msg2;
  }

}

function toggleAllBoxes() {
  if (document.getElementsByTagName) {
    d = document.getElementsByTagName('div');
    for (i = 0; i < d.length; i++) {
      if (d[i].className == 'log') {
        flip(d[i]);
      }
    }
  }
}

// -->
</script>

</head>
<body>
<h2 align='center'>Test2</h2><table border='1' align="center">
<tr>
<td>Tests passed/Failed/Skipped:</td><td>4/1/0</td>
</tr><tr>
<td>Started on:</td><td>Fri Aug 23 18:23:57 IST 2019</td>
</tr>
<tr><td>Total time:</td><td>0 seconds (118 ms)</td>
</tr><tr>
<td>Included groups:</td><td></td>
</tr><tr>
<td>Excluded groups:</td><td></td>
</tr>
</table><p/>
<small><i>(Hover the method name to see the test class name)</i></small><p/>
<table width='100%' border='1' class='invocation-failed'>
<tr><td colspan='4' align='center'><b>FAILED TESTS</b></td></tr>
<tr><td><b>Test method</b></td>
<td width="30%"><b>Exception</b></td>
<td width="10%"><b>Time (seconds)</b></td>
<td><b>Instance</b></td>
</tr>
<tr>
<td title='group7.LionTest.smallLion()'><b>smallLion</b><br>Test class: group7.LionTest</td>
<td><div><pre>org.testng.TestNGException: 
Parameter &apos;username&apos; is required by @Test on method smallLion but has not been marked @Optional or defined
in C:\Users\gundar\7Artifact\1testng.xml
	at java.util.ArrayList.forEach(ArrayList.java:1249)
... Removed 30 stack frames</pre></div><a href='#' onClick='toggleBox("stack-trace1825719826", this, "Click to show all stack frames", "Click to hide stack frames")'>Click to show all stack frames</a>
<div class='stack-trace' id='stack-trace1825719826'><pre>org.testng.TestNGException: 
Parameter &apos;username&apos; is required by @Test on method smallLion but has not been marked @Optional or defined
in C:\Users\gundar\7Artifact\1testng.xml
	at org.testng.internal.Parameters.createParams(Parameters.java:289)
	at org.testng.internal.Parameters.createParametersForMethod(Parameters.java:377)
	at org.testng.internal.Parameters.createParameters(Parameters.java:721)
	at org.testng.internal.Parameters.handleParameters(Parameters.java:895)
	at org.testng.internal.Parameters.handleParameters(Parameters.java:762)
	at org.testng.internal.ParameterHandler.handleParameters(ParameterHandler.java:60)
	at org.testng.internal.ParameterHandler.createParameters(ParameterHandler.java:39)
	at org.testng.internal.TestInvoker$MethodInvocationAgent.invoke(TestInvoker.java:771)
	at org.testng.internal.TestInvoker.invokeTestMethods(TestInvoker.java:145)
	at org.testng.internal.TestMethodWorker.invokeTestMethods(TestMethodWorker.java:146)
	at org.testng.internal.TestMethodWorker.run(TestMethodWorker.java:128)
	at java.util.ArrayList.forEach(ArrayList.java:1249)
	at org.testng.TestRunner.privateRun(TestRunner.java:770)
	at org.testng.TestRunner.run(TestRunner.java:591)
	at org.testng.SuiteRunner.runTest(SuiteRunner.java:402)
	at org.testng.SuiteRunner.runSequentially(SuiteRunner.java:396)
	at org.testng.SuiteRunner.privateRun(SuiteRunner.java:355)
	at org.testng.SuiteRunner.run(SuiteRunner.java:304)
	at org.testng.SuiteRunnerWorker.runSuite(SuiteRunnerWorker.java:53)
	at org.testng.SuiteRunnerWorker.run(SuiteRunnerWorker.java:96)
	at org.testng.TestNG.runSuitesSequentially(TestNG.java:1180)
	at org.testng.TestNG.runSuitesLocally(TestNG.java:1102)
	at org.testng.TestNG.runSuites(TestNG.java:1032)
	at org.testng.TestNG.run(TestNG.java:1000)
	at org.apache.maven.surefire.testng.TestNGExecutor.run(TestNGExecutor.java:283)
	at org.apache.maven.surefire.testng.TestNGXmlTestSuite.execute(TestNGXmlTestSuite.java:75)
	at org.apache.maven.surefire.testng.TestNGProvider.invoke(TestNGProvider.java:120)
	at org.apache.maven.surefire.booter.ForkedBooter.invokeProviderInSameClassLoader(ForkedBooter.java:384)
	at org.apache.maven.surefire.booter.ForkedBooter.runSuitesInProcess(ForkedBooter.java:345)
	at org.apache.maven.surefire.booter.ForkedBooter.execute(ForkedBooter.java:126)
	at org.apache.maven.surefire.booter.ForkedBooter.main(ForkedBooter.java:418)
</pre></div></td>
<td>0</td>
<td>group7.LionTest@25bbf683</td></tr>
</table><p>
<table width='100%' border='1' class='invocation-passed'>
<tr><td colspan='4' align='center'><b>PASSED TESTS</b></td></tr>
<tr><td><b>Test method</b></td>
<td width="30%"><b>Exception</b></td>
<td width="10%"><b>Time (seconds)</b></td>
<td><b>Instance</b></td>
</tr>
<tr>
<td title='group7.CatTest.GetDataFromPropertiesFile()'><b>GetDataFromPropertiesFile</b><br>Test class: group7.CatTest</td>
<td></td>
<td>15</td>
<td>group7.CatTest@6950e31</td></tr>
<tr>
<td title='group7.CatTest.babyCat()'><b>babyCat</b><br>Test class: group7.CatTest</td>
<td></td>
<td>0</td>
<td>group7.CatTest@6950e31</td></tr>
<tr>
<td title='group7.DogTest.babyDog()'><b>babyDog</b><br>Test class: group7.DogTest</td>
<td></td>
<td>0</td>
<td>group7.DogTest@b7dd107</td></tr>
<tr>
<td title='group7.ElephantTest.babyElephant()'><b>babyElephant</b><br>Test class: group7.ElephantTest</td>
<td></td>
<td>0</td>
<td>group7.ElephantTest@42eca56e</td></tr>
<tr>
<td title='group7.LionTest.babyLion()'><b>babyLion</b><br>Test class: group7.LionTest<br>Parameters: 0, 0, 0</td>
<td></td>
<td>0</td>
<td>group7.LionTest@25bbf683</td></tr>
<tr>
<td title='group7.LionTest.babyLion()'><b>babyLion</b><br>Test class: group7.LionTest<br>Parameters: 1, 1, 1</td>
<td></td>
<td>0</td>
<td>group7.LionTest@25bbf683</td></tr>
<tr>
<td title='group7.LionTest.babyLion()'><b>babyLion</b><br>Test class: group7.LionTest<br>Parameters: 2, 2, 2</td>
<td></td>
<td>0</td>
<td>group7.LionTest@25bbf683</td></tr>
<tr>
<td title='group7.CatTest.bigCat()'><b>bigCat</b><br>Test class: group7.CatTest</td>
<td></td>
<td>0</td>
<td>group7.CatTest@6950e31</td></tr>
<tr>
<td title='group7.DogTest.bigDog()'><b>bigDog</b><br>Test class: group7.DogTest</td>
<td></td>
<td>0</td>
<td>group7.DogTest@b7dd107</td></tr>
<tr>
<td title='group7.ElephantTest.bigElephant()'><b>bigElephant</b><br>Test class: group7.ElephantTest</td>
<td></td>
<td>0</td>
<td>group7.ElephantTest@42eca56e</td></tr>
<tr>
<td title='group7.LionTest.bigLion()'><b>bigLion</b><br>Test class: group7.LionTest</td>
<td></td>
<td>0</td>
<td>group7.LionTest@25bbf683</td></tr>
<tr>
<td title='group7.CatTest.smallCat()'><b>smallCat</b><br>Test class: group7.CatTest</td>
<td></td>
<td>0</td>
<td>group7.CatTest@6950e31</td></tr>
<tr>
<td title='group7.DogTest.smallDog()'><b>smallDog</b><br>Test class: group7.DogTest</td>
<td></td>
<td>0</td>
<td>group7.DogTest@b7dd107</td></tr>
<tr>
<td title='group7.ElephantTest.smallElephant()'><b>smallElephant</b><br>Test class: group7.ElephantTest</td>
<td></td>
<td>0</td>
<td>group7.ElephantTest@42eca56e</td></tr>
</table><p>
</body>
</html>