<?xml version="1.0" encoding="UTF-8"?>
<!-- Generated by org.testng.reporters.JUnitXMLReporter -->
<testsuite hostname="gundar-win7" ignored="0" name="Test2" tests="5" failures="1" timestamp="2019-08-23T18:23:57 IST" time="0.118" errors="0">
  <testcase name="babyLion" time="0.0" classname="group7.LionTest"/>
  <testcase name="babyLion" time="0.0" classname="group7.LionTest"/>
  <testcase name="babyLion" time="0.0" classname="group7.LionTest"/>
  <testcase name="bigLion" time="0.0" classname="group7.LionTest"/>
  <testcase name="smallLion" time="0.0" classname="group7.LionTest">
    <failure type="org.testng.TestNGException" message="
Parameter &amp;apos;username&amp;apos; is required by @Test on method smallLion but has not been marked @Optional or defined
in C:\Users\gundar\7Artifact\1testng.xml">
      <![CDATA[org.testng.TestNGException: 
Parameter 'username' is required by @Test on method smallLion but has not been marked @Optional or defined
in C:\Users\gundar\7Artifact\1testng.xml
at java.util.ArrayList.forEach(ArrayList.java:1249)
... Removed 30 stack frames]]>
    </failure>
  </testcase> <!-- smallLion -->
</testsuite> <!-- Test2 -->
