<html>
<head>
<title>TestNG:  VehicleTest</title>
<link href="../testng.css" rel="stylesheet" type="text/css" />
<link href="../my-testng.css" rel="stylesheet" type="text/css" />

<style type="text/css">
.log { display: none;} 
.stack-trace { display: none;} 
</style>
<script type="text/javascript">
<!--
function flip(e) {
  current = e.style.display;
  if (current == 'block') {
    e.style.display = 'none';
    return 0;
  }
  else {
    e.style.display = 'block';
    return 1;
  }
}

function toggleBox(szDivId, elem, msg1, msg2)
{
  var res = -1;  if (document.getElementById) {
    res = flip(document.getElementById(szDivId));
  }
  else if (document.all) {
    // this is the way old msie versions work
    res = flip(document.all[szDivId]);
  }
  if(elem) {
    if(res == 0) elem.innerHTML = msg1; else elem.innerHTML = msg2;
  }

}

function toggleAllBoxes() {
  if (document.getElementsByTagName) {
    d = document.getElementsByTagName('div');
    for (i = 0; i < d.length; i++) {
      if (d[i].className == 'log') {
        flip(d[i]);
      }
    }
  }
}

// -->
</script>

</head>
<body>
<h2 align='center'>VehicleTest</h2><table border='1' align="center">
<tr>
<td>Tests passed/Failed/Skipped:</td><td>11/2/1</td>
</tr><tr>
<td>Started on:</td><td>Thu Aug 22 19:30:31 IST 2019</td>
</tr>
<tr><td>Total time:</td><td>0 seconds (50 ms)</td>
</tr><tr>
<td>Included groups:</td><td></td>
</tr><tr>
<td>Excluded groups:</td><td></td>
</tr>
</table><p/>
<small><i>(Hover the method name to see the test class name)</i></small><p/>
<table width='100%' border='1' class='invocation-failed'>
<tr><td colspan='4' align='center'><b>FAILED TESTS</b></td></tr>
<tr><td><b>Test method</b></td>
<td width="30%"><b>Exception</b></td>
<td width="10%"><b>Time (seconds)</b></td>
<td><b>Instance</b></td>
</tr>
<tr>
<td title='testPackage.Test5.FetchFromPropertiesFile()'><b>FetchFromPropertiesFile</b><br>Test class: testPackage.Test5</td>
<td><div><pre>java.io.FileNotFoundException: C:\Users\gundar\workspace\TestNGTutorial\src\testPackage\GlobalProperties.properties (The system cannot find the path specified)
	at java.io.FileInputStream.open0(Native Method)
	at java.io.FileInputStream.open(FileInputStream.java:195)
	at java.io.FileInputStream.&lt;init&gt;(FileInputStream.java:138)
	at java.io.FileInputStream.&lt;init&gt;(FileInputStream.java:93)
	at testPackage.Test6.FetchFromPropertiesFile(Test6.java:32)
... Removed 24 stack frames</pre></div><a href='#' onClick='toggleBox("stack-trace523691575", this, "Click to show all stack frames", "Click to hide stack frames")'>Click to show all stack frames</a>
<div class='stack-trace' id='stack-trace523691575'><pre>java.io.FileNotFoundException: C:\Users\gundar\workspace\TestNGTutorial\src\testPackage\GlobalProperties.properties (The system cannot find the path specified)
	at java.io.FileInputStream.open0(Native Method)
	at java.io.FileInputStream.open(FileInputStream.java:195)
	at java.io.FileInputStream.&lt;init&gt;(FileInputStream.java:138)
	at java.io.FileInputStream.&lt;init&gt;(FileInputStream.java:93)
	at testPackage.Test6.FetchFromPropertiesFile(Test6.java:32)
	at sun.reflect.NativeMethodAccessorImpl.invoke0(Native Method)
	at sun.reflect.NativeMethodAccessorImpl.invoke(NativeMethodAccessorImpl.java:62)
	at sun.reflect.DelegatingMethodAccessorImpl.invoke(DelegatingMethodAccessorImpl.java:43)
	at java.lang.reflect.Method.invoke(Method.java:498)
	at org.testng.internal.MethodInvocationHelper.invokeMethod(MethodInvocationHelper.java:85)
	at org.testng.internal.Invoker.invokeMethod(Invoker.java:639)
	at org.testng.internal.Invoker.invokeTestMethod(Invoker.java:816)
	at org.testng.internal.Invoker.invokeTestMethods(Invoker.java:1124)
	at org.testng.internal.TestMethodWorker.invokeTestMethods(TestMethodWorker.java:125)
	at org.testng.internal.TestMethodWorker.run(TestMethodWorker.java:108)
	at org.testng.TestRunner.privateRun(TestRunner.java:774)
	at org.testng.TestRunner.run(TestRunner.java:624)
	at org.testng.SuiteRunner.runTest(SuiteRunner.java:359)
	at org.testng.SuiteRunner.runSequentially(SuiteRunner.java:354)
	at org.testng.SuiteRunner.privateRun(SuiteRunner.java:312)
	at org.testng.SuiteRunner.run(SuiteRunner.java:261)
	at org.testng.SuiteRunnerWorker.runSuite(SuiteRunnerWorker.java:52)
	at org.testng.SuiteRunnerWorker.run(SuiteRunnerWorker.java:86)
	at org.testng.TestNG.runSuitesSequentially(TestNG.java:1215)
	at org.testng.TestNG.runSuitesLocally(TestNG.java:1140)
	at org.testng.TestNG.run(TestNG.java:1048)
	at org.testng.remote.AbstractRemoteTestNG.run(AbstractRemoteTestNG.java:132)
	at org.testng.remote.RemoteTestNG.initAndRun(RemoteTestNG.java:230)
	at org.testng.remote.RemoteTestNG.main(RemoteTestNG.java:76)
</pre></div></td>
<td>0</td>
<td>testPackage.Test5@ae45eb6</td></tr>
<tr>
<td title='testPackage.Test5.ParameterExample1()'><b>ParameterExample1</b><br>Test class: testPackage.Test5<br>Parameters: uname1, pwd1</td>
<td><div><pre>java.io.FileNotFoundException: C:\Users\gundar\workspace\TestNGTutorial\src\testPackage\GlobalProperties.properties (The system cannot find the path specified)
	at java.io.FileInputStream.open0(Native Method)
	at java.io.FileInputStream.open(FileInputStream.java:195)
	at java.io.FileInputStream.&lt;init&gt;(FileInputStream.java:138)
	at java.io.FileInputStream.&lt;init&gt;(FileInputStream.java:93)
	at testPackage.Test6.FetchFromPropertiesFile(Test6.java:32)
	at testPackage.Test5.ParameterExample1(Test5.java:16)
... Removed 24 stack frames</pre></div><a href='#' onClick='toggleBox("stack-trace1206883981", this, "Click to show all stack frames", "Click to hide stack frames")'>Click to show all stack frames</a>
<div class='stack-trace' id='stack-trace1206883981'><pre>java.io.FileNotFoundException: C:\Users\gundar\workspace\TestNGTutorial\src\testPackage\GlobalProperties.properties (The system cannot find the path specified)
	at java.io.FileInputStream.open0(Native Method)
	at java.io.FileInputStream.open(FileInputStream.java:195)
	at java.io.FileInputStream.&lt;init&gt;(FileInputStream.java:138)
	at java.io.FileInputStream.&lt;init&gt;(FileInputStream.java:93)
	at testPackage.Test6.FetchFromPropertiesFile(Test6.java:32)
	at testPackage.Test5.ParameterExample1(Test5.java:16)
	at sun.reflect.NativeMethodAccessorImpl.invoke0(Native Method)
	at sun.reflect.NativeMethodAccessorImpl.invoke(NativeMethodAccessorImpl.java:62)
	at sun.reflect.DelegatingMethodAccessorImpl.invoke(DelegatingMethodAccessorImpl.java:43)
	at java.lang.reflect.Method.invoke(Method.java:498)
	at org.testng.internal.MethodInvocationHelper.invokeMethod(MethodInvocationHelper.java:85)
	at org.testng.internal.Invoker.invokeMethod(Invoker.java:639)
	at org.testng.internal.Invoker.invokeTestMethod(Invoker.java:816)
	at org.testng.internal.Invoker.invokeTestMethods(Invoker.java:1124)
	at org.testng.internal.TestMethodWorker.invokeTestMethods(TestMethodWorker.java:125)
	at org.testng.internal.TestMethodWorker.run(TestMethodWorker.java:108)
	at org.testng.TestRunner.privateRun(TestRunner.java:774)
	at org.testng.TestRunner.run(TestRunner.java:624)
	at org.testng.SuiteRunner.runTest(SuiteRunner.java:359)
	at org.testng.SuiteRunner.runSequentially(SuiteRunner.java:354)
	at org.testng.SuiteRunner.privateRun(SuiteRunner.java:312)
	at org.testng.SuiteRunner.run(SuiteRunner.java:261)
	at org.testng.SuiteRunnerWorker.runSuite(SuiteRunnerWorker.java:52)
	at org.testng.SuiteRunnerWorker.run(SuiteRunnerWorker.java:86)
	at org.testng.TestNG.runSuitesSequentially(TestNG.java:1215)
	at org.testng.TestNG.runSuitesLocally(TestNG.java:1140)
	at org.testng.TestNG.run(TestNG.java:1048)
	at org.testng.remote.AbstractRemoteTestNG.run(AbstractRemoteTestNG.java:132)
	at org.testng.remote.RemoteTestNG.initAndRun(RemoteTestNG.java:230)
	at org.testng.remote.RemoteTestNG.main(RemoteTestNG.java:76)
</pre></div></td>
<td>0</td>
<td>testPackage.Test5@ae45eb6</td></tr>
</table><p>
<table width='100%' border='1' class='invocation-passed'>
<tr><td colspan='4' align='center'><b>PASSED TESTS</b></td></tr>
<tr><td><b>Test method</b></td>
<td width="30%"><b>Exception</b></td>
<td width="10%"><b>Time (seconds)</b></td>
<td><b>Instance</b></td>
</tr>
<tr>
<td title='testPackage.Test2.Bike1()'><b>Bike1</b><br>Test class: testPackage.Test2</td>
<td></td>
<td>0</td>
<td>testPackage.Test2@26653222</td></tr>
<tr>
<td title='testPackage.Test2.Bike2()'><b>Bike2</b><br>Test class: testPackage.Test2</td>
<td></td>
<td>0</td>
<td>testPackage.Test2@26653222</td></tr>
<tr>
<td title='testPackage.Test2.Bike3()'><b>Bike3</b><br>Test class: testPackage.Test2</td>
<td></td>
<td>0</td>
<td>testPackage.Test2@26653222</td></tr>
<tr>
<td title='testPackage.Test1.Car1()'><b>Car1</b><br>Test class: testPackage.Test1</td>
<td></td>
<td>0</td>
<td>testPackage.Test1@3532ec19</td></tr>
<tr>
<td title='testPackage.Test1.Car3()'><b>Car3</b><br>Test class: testPackage.Test1</td>
<td></td>
<td>0</td>
<td>testPackage.Test1@3532ec19</td></tr>
<tr>
<td title='testPackage.Test5.ParameterExample3()'><b>ParameterExample3</b><br>Test class: testPackage.Test5<br>Parameters: test1, test2</td>
<td></td>
<td>0</td>
<td>testPackage.Test5@ae45eb6</td></tr>
<tr>
<td title='testPackage.Test5.ParameterExample3()'><b>ParameterExample3</b><br>Test class: testPackage.Test5<br>Parameters: test3, test4</td>
<td></td>
<td>0</td>
<td>testPackage.Test5@ae45eb6</td></tr>
<tr>
<td title='testPackage.Test5.ParameterExample3()'><b>ParameterExample3</b><br>Test class: testPackage.Test5<br>Parameters: test5, test6</td>
<td></td>
<td>0</td>
<td>testPackage.Test5@ae45eb6</td></tr>
<tr>
<td title='testPackage.Test3.Train1()'><b>Train1</b><br>Test class: testPackage.Test3</td>
<td></td>
<td>0</td>
<td>testPackage.Test3@68c4039c</td></tr>
<tr>
<td title='testPackage.Test3.Train2()'><b>Train2</b><br>Test class: testPackage.Test3</td>
<td></td>
<td>0</td>
<td>testPackage.Test3@68c4039c</td></tr>
<tr>
<td title='testPackage.Test3.Train3()'><b>Train3</b><br>Test class: testPackage.Test3</td>
<td></td>
<td>0</td>
<td>testPackage.Test3@68c4039c</td></tr>
</table><p>
<table width='100%' border='1' class='invocation-skipped'>
<tr><td colspan='4' align='center'><b>SKIPPED TESTS</b></td></tr>
<tr><td><b>Test method</b></td>
<td width="30%"><b>Exception</b></td>
<td width="10%"><b>Time (seconds)</b></td>
<td><b>Instance</b></td>
</tr>
<tr>
<td title='testPackage.Test5.ParameterExample2()'><b>ParameterExample2</b><br>Test class: testPackage.Test5</td>
<td><div><pre>org.testng.TestNGException: 
Parameter &apos;Username1&apos; is required by @Test on method ParameterExample2 but has not been marked @Optional or defined
in C:\Users\gundar\workspace\2TestNGTutorial\testng_4_Parameterisation.xml
... Removed 22 stack frames</pre></div><a href='#' onClick='toggleBox("stack-trace902919927", this, "Click to show all stack frames", "Click to hide stack frames")'>Click to show all stack frames</a>
<div class='stack-trace' id='stack-trace902919927'><pre>org.testng.TestNGException: 
Parameter &apos;Username1&apos; is required by @Test on method ParameterExample2 but has not been marked @Optional or defined
in C:\Users\gundar\workspace\2TestNGTutorial\testng_4_Parameterisation.xml
	at org.testng.internal.Parameters.createParameters(Parameters.java:154)
	at org.testng.internal.Parameters.createParameters(Parameters.java:361)
	at org.testng.internal.Parameters.handleParameters(Parameters.java:451)
	at org.testng.internal.Invoker.handleParameters(Invoker.java:1270)
	at org.testng.internal.Invoker.createParameters(Invoker.java:985)
	at org.testng.internal.Invoker.invokeTestMethods(Invoker.java:1075)
	at org.testng.internal.TestMethodWorker.invokeTestMethods(TestMethodWorker.java:125)
	at org.testng.internal.TestMethodWorker.run(TestMethodWorker.java:108)
	at org.testng.TestRunner.privateRun(TestRunner.java:774)
	at org.testng.TestRunner.run(TestRunner.java:624)
	at org.testng.SuiteRunner.runTest(SuiteRunner.java:359)
	at org.testng.SuiteRunner.runSequentially(SuiteRunner.java:354)
	at org.testng.SuiteRunner.privateRun(SuiteRunner.java:312)
	at org.testng.SuiteRunner.run(SuiteRunner.java:261)
	at org.testng.SuiteRunnerWorker.runSuite(SuiteRunnerWorker.java:52)
	at org.testng.SuiteRunnerWorker.run(SuiteRunnerWorker.java:86)
	at org.testng.TestNG.runSuitesSequentially(TestNG.java:1215)
	at org.testng.TestNG.runSuitesLocally(TestNG.java:1140)
	at org.testng.TestNG.run(TestNG.java:1048)
	at org.testng.remote.AbstractRemoteTestNG.run(AbstractRemoteTestNG.java:132)
	at org.testng.remote.RemoteTestNG.initAndRun(RemoteTestNG.java:230)
	at org.testng.remote.RemoteTestNG.main(RemoteTestNG.java:76)
</pre></div></td>
<td>0</td>
<td>testPackage.Test5@ae45eb6</td></tr>
</table><p>
</body>
</html>